<?xml version="1.0" encoding="UTF-8"?>
<testng-results skipped="0" failed="0" ignored="0" total="2" passed="2">
  <reporter-output>
  </reporter-output>
  <suite name="Suite" duration-ms="128384" started-at="2019-09-08T12:05:15Z" finished-at="2019-09-08T12:07:24Z">
    <groups>
      <group name="cucumber">
        <method signature="AbstractTestNGCucumberTests.runScenario(cucumber.api.testng.PickleEventWrapper, cucumber.api.testng.CucumberFeatureWrapper)[pri:0, instance:com.leafBot.testcases.TC001_CreateLead@47c62251]" name="runScenario" class="cucumber.api.testng.AbstractTestNGCucumberTests"/>
      </group> <!-- cucumber -->
    </groups>
    <test name="Test" duration-ms="128384" started-at="2019-09-08T12:05:15Z" finished-at="2019-09-08T12:07:24Z">
      <class name="com.leafBot.testcases.TC001_CreateLead">
        <test-method status="PASS" signature="startReport()[pri:0, instance:com.leafBot.testcases.TC001_CreateLead@47c62251]" name="startReport" is-config="true" duration-ms="1705" started-at="2019-09-08T12:05:14Z" finished-at="2019-09-08T12:05:15Z">
          <reporter-output>
          </reporter-output>
        </test-method> <!-- startReport -->
        <test-method status="PASS" signature="setData()[pri:0, instance:com.leafBot.testcases.TC001_CreateLead@47c62251]" name="setData" is-config="true" duration-ms="0" started-at="2019-09-08T12:05:15Z" depends-on-methods="utils.Reporter.startReport" finished-at="2019-09-08T12:05:15Z">
          <reporter-output>
          </reporter-output>
        </test-method> <!-- setData -->
        <test-method status="PASS" signature="setUpClass()[pri:0, instance:com.leafBot.testcases.TC001_CreateLead@47c62251]" name="setUpClass" is-config="true" duration-ms="329" started-at="2019-09-08T12:05:15Z" finished-at="2019-09-08T12:05:16Z">
          <reporter-output>
          </reporter-output>
        </test-method> <!-- setUpClass -->
        <test-method status="PASS" signature="report()[pri:0, instance:com.leafBot.testcases.TC001_CreateLead@47c62251]" name="report" is-config="true" duration-ms="13" started-at="2019-09-08T12:05:16Z" finished-at="2019-09-08T12:05:16Z">
          <reporter-output>
          </reporter-output>
        </test-method> <!-- report -->
        <test-method status="PASS" signature="beforeMethod()[pri:0, instance:com.leafBot.testcases.TC001_CreateLead@47c62251]" name="beforeMethod" is-config="true" duration-ms="12398" started-at="2019-09-08T12:05:18Z" finished-at="2019-09-08T12:05:30Z">
          <reporter-output>
          </reporter-output>
        </test-method> <!-- beforeMethod -->
        <test-method status="PASS" signature="TC002CreateLead(java.lang.String, java.lang.String)[pri:0, instance:com.leafBot.testcases.TC001_CreateLead@47c62251]" name="TC002CreateLead" duration-ms="59230" started-at="2019-09-08T12:05:30Z" data-provider="fetchData" finished-at="2019-09-08T12:06:29Z">
          <params>
            <param index="0">
              <value>
                <![CDATA[DemoSalesManager]]>
              </value>
            </param>
            <param index="1">
              <value>
                <![CDATA[crmsfa]]>
              </value>
            </param>
          </params>
          <reporter-output>
          </reporter-output>
        </test-method> <!-- TC002CreateLead -->
        <test-method status="PASS" signature="afterMethod()[pri:0, instance:com.leafBot.testcases.TC001_CreateLead@47c62251]" name="afterMethod" is-config="true" duration-ms="2341" started-at="2019-09-08T12:06:29Z" finished-at="2019-09-08T12:06:32Z">
          <reporter-output>
          </reporter-output>
        </test-method> <!-- afterMethod -->
        <test-method status="PASS" signature="beforeMethod()[pri:0, instance:com.leafBot.testcases.TC001_CreateLead@47c62251]" name="beforeMethod" is-config="true" duration-ms="17452" started-at="2019-09-08T12:06:32Z" finished-at="2019-09-08T12:06:49Z">
          <reporter-output>
          </reporter-output>
        </test-method> <!-- beforeMethod -->
        <test-method status="PASS" signature="TC002CreateLead(java.lang.String, java.lang.String)[pri:0, instance:com.leafBot.testcases.TC001_CreateLead@47c62251]" name="TC002CreateLead" duration-ms="32077" started-at="2019-09-08T12:06:49Z" data-provider="fetchData" finished-at="2019-09-08T12:07:21Z">
          <params>
            <param index="0">
              <value>
                <![CDATA[DemoCSR]]>
              </value>
            </param>
            <param index="1">
              <value>
                <![CDATA[crmsfa]]>
              </value>
            </param>
          </params>
          <reporter-output>
          </reporter-output>
        </test-method> <!-- TC002CreateLead -->
        <test-method status="PASS" signature="afterMethod()[pri:0, instance:com.leafBot.testcases.TC001_CreateLead@47c62251]" name="afterMethod" is-config="true" duration-ms="2440" started-at="2019-09-08T12:07:21Z" finished-at="2019-09-08T12:07:24Z">
          <reporter-output>
          </reporter-output>
        </test-method> <!-- afterMethod -->
        <test-method status="PASS" signature="tearDownClass()[pri:0, instance:com.leafBot.testcases.TC001_CreateLead@47c62251]" name="tearDownClass" is-config="true" duration-ms="12" started-at="2019-09-08T12:07:24Z" finished-at="2019-09-08T12:07:24Z">
          <reporter-output>
          </reporter-output>
        </test-method> <!-- tearDownClass -->
        <test-method status="PASS" signature="stopReport()[pri:0, instance:com.leafBot.testcases.TC001_CreateLead@47c62251]" name="stopReport" is-config="true" duration-ms="1612" started-at="2019-09-08T12:07:24Z" finished-at="2019-09-08T12:07:26Z">
          <reporter-output>
          </reporter-output>
        </test-method> <!-- stopReport -->
      </class> <!-- com.leafBot.testcases.TC001_CreateLead -->
    </test> <!-- Test -->
  </suite> <!-- Suite -->
</testng-results>
